<?xml version="1.0" encoding="UTF-8"?>
<!-- Generated by org.testng.reporters.JUnitXMLReporter -->
<testsuite ignored="1" hostname="IBM-DZLTR24" failures="3" tests="12" name="Test Activities" time="21.435" errors="0" timestamp="2026-06-08T16:26:09 IST">
  <testcase classname="activities.Activity2" name="errorTestCase" time="0.002">
    <skipped/>
  </testcase> <!-- errorTestCase -->
  <testcase classname="activities.Activity2" name="failedTestCase" time="0.035">
    <failure type="org.openqa.selenium.NoSuchElementException" message="Unable to locate element: button.black
For documentation on this error, please visit: https://www.selenium.dev/documentation/webdriver/troubleshooting/errors#nosuchelementexception
Build info: version: &amp;apos;4.40.0&amp;apos;, revision: &amp;apos;b3333f1&amp;apos;
System info: os.name: &amp;apos;Windows 11&amp;apos;, os.arch: &amp;apos;amd64&amp;apos;, os.version: &amp;apos;10.0&amp;apos;, java.version: &amp;apos;21.0.11&amp;apos;
Driver info: org.openqa.selenium.firefox.FirefoxDriver
Command: [b4c7248e-45ed-4e64-97e4-7c093b6b59bf, findElement {using=css selector, value=button.black}]
Capabilities {acceptInsecureCerts: true, browserName: firefox, browserVersion: 151.0.3, moz:accessibilityChecks: false, moz:buildID: 20260601110758, moz:geckodriverVersion: 0.37.0, moz:headless: false, moz:platformVersion: 10.0, moz:processID: 34200, moz:profile: C:\Users\SUYASH~1\AppData\L..., moz:shutdownTimeout: 60000, moz:webdriverClick: true, moz:windowless: false, pageLoadStrategy: normal, platformName: windows, proxy: Proxy(), setWindowRect: true, strictFileInteractability: false, timeouts: {implicit: 0, pageLoad: 300000, script: 30000}, unhandledPromptBehavior: dismiss and notify, userAgent: Mozilla/5.0 (Windows NT 10....}
Session ID: b4c7248e-45ed-4e64-97e4-7c093b6b59bf">
      <![CDATA[org.openqa.selenium.NoSuchElementException: Unable to locate element: button.black
For documentation on this error, please visit: https://www.selenium.dev/documentation/webdriver/troubleshooting/errors#nosuchelementexception
Build info: version: '4.40.0', revision: 'b3333f1'
System info: os.name: 'Windows 11', os.arch: 'amd64', os.version: '10.0', java.version: '21.0.11'
Driver info: org.openqa.selenium.firefox.FirefoxDriver
Command: [b4c7248e-45ed-4e64-97e4-7c093b6b59bf, findElement {using=css selector, value=button.black}]
Capabilities {acceptInsecureCerts: true, browserName: firefox, browserVersion: 151.0.3, moz:accessibilityChecks: false, moz:buildID: 20260601110758, moz:geckodriverVersion: 0.37.0, moz:headless: false, moz:platformVersion: 10.0, moz:processID: 34200, moz:profile: C:\Users\SUYASH~1\AppData\L..., moz:shutdownTimeout: 60000, moz:webdriverClick: true, moz:windowless: false, pageLoadStrategy: normal, platformName: windows, proxy: Proxy(), setWindowRect: true, strictFileInteractability: false, timeouts: {implicit: 0, pageLoad: 300000, script: 30000}, unhandledPromptBehavior: dismiss and notify, userAgent: Mozilla/5.0 (Windows NT 10....}
Session ID: b4c7248e-45ed-4e64-97e4-7c093b6b59bf
at org.openqa.selenium.remote.ErrorCodec.decode(ErrorCodec.java:169)
at org.openqa.selenium.remote.codec.w3c.W3CHttpResponseCodec.decode(W3CHttpResponseCodec.java:142)
at org.openqa.selenium.remote.codec.w3c.W3CHttpResponseCodec.decode(W3CHttpResponseCodec.java:49)
at org.openqa.selenium.remote.HttpCommandExecutor.execute(HttpCommandExecutor.java:223)
at org.openqa.selenium.remote.service.DriverCommandExecutor.invokeExecute(DriverCommandExecutor.java:216)
at org.openqa.selenium.remote.service.DriverCommandExecutor.execute(DriverCommandExecutor.java:174)
at org.openqa.selenium.remote.RemoteWebDriver.execute(RemoteWebDriver.java:601)
at org.openqa.selenium.remote.ElementLocation$ElementFinder$2.findElement(ElementLocation.java:166)
at org.openqa.selenium.remote.ElementLocation.findElement(ElementLocation.java:60)
at org.openqa.selenium.remote.RemoteWebDriver.findElement(RemoteWebDriver.java:424)
at org.openqa.selenium.remote.RemoteWebDriver.findElement(RemoteWebDriver.java:418)
at activities.Activity2.failedTestCase(Activity2.java:37)
at java.base/java.util.ArrayList.forEach(ArrayList.java:1596)
... Removed 25 stack frames]]>
    </failure>
  </testcase> <!-- failedTestCase -->
  <testcase classname="activities.Activity2" name="verifyTestCase" time="0.016"/>
  <testcase classname="activities.Activity3" name="validLoginTest" time="0.235">
    <failure type="java.lang.AssertionError" message="expected [Welcome Back, Admin!] but found [A Simple Login Form!]">
      <![CDATA[java.lang.AssertionError: expected [Welcome Back, Admin!] but found [A Simple Login Form!]
at activities.Activity3.validLoginTest(Activity3.java:44)
at java.base/java.util.ArrayList.forEach(ArrayList.java:1596)
... Removed 31 stack frames]]>
    </failure>
  </testcase> <!-- validLoginTest -->
  <testcase classname="activities.Activity5" name="pageTitleTest" time="0.013"/>
  <testcase classname="activities.Activity5" name="buttonTest1" time="0.041"/>
  <testcase classname="activities.Activity5" name="buttonTest2" time="0.016"/>
  <testcase classname="activities.Activity5" name="headerTest1" time="0.016"/>
  <testcase classname="activities.Activity5" name="headerTest2" time="0.019"/>
  <testcase classname="activities.Activity6" name="loginTestCase" time="0.732"/>
  <testcase classname="activities.Activity1$FirstTest" name="verifyPageTitle" time="0.009"/>
  <testcase classname="activities.Activity1$FirstTest" name="clickAboutBtn" time="0.124">
    <failure type="java.lang.AssertionError" message="expected [About Training Support] but found [Training Support]">
      <![CDATA[java.lang.AssertionError: expected [About Training Support] but found [Training Support]
at activities.Activity1$FirstTest.clickAboutBtn(Activity1.java:36)
at java.base/java.util.ArrayList.forEach(ArrayList.java:1596)
... Removed 31 stack frames]]>
    </failure>
  </testcase> <!-- clickAboutBtn -->
  <testcase classname="activities.Activity2" name="skipedTestCase" time="0.0">
    <ignored/>
  </testcase> <!-- skipedTestCase -->
</testsuite> <!-- Test Activities -->
