<?xml version="1.0" encoding="UTF-8"?>
<testng-results ignored="0" total="3" passed="3" failed="0" skipped="0">
  <reporter-output>
  </reporter-output>
  <suite started-at="2026-06-09T11:24:51 IST" name="Default suite" finished-at="2026-06-09T11:25:09 IST" duration-ms="17708">
    <groups>
    </groups>
    <test started-at="2026-06-09T11:24:51 IST" name="Default test" finished-at="2026-06-09T11:25:09 IST" duration-ms="17708">
      <class name="activities.Activity11">
        <test-method is-config="true" signature="setUp()[pri:0, instance:activities.Activity11@79079097]" started-at="2026-06-09T11:24:51 IST" name="setUp" finished-at="2026-06-09T11:25:02 IST" duration-ms="10543" status="PASS">
          <reporter-output>
          </reporter-output>
        </test-method> <!-- setUp -->
        <test-method signature="simpleFormTest(java.util.List)[pri:0, instance:activities.Activity11@79079097]" started-at="2026-06-09T11:25:04 IST" name="simpleFormTest" data-provider="EventData" finished-at="2026-06-09T11:25:05 IST" duration-ms="1387" status="PASS">
          <params>
            <param index="0">
              <value>
                <![CDATA[[Satvik Shah, satshah@example.com, 2025-01-26, Republic Day]]]>
              </value>
            </param>
          </params>
          <reporter-output>
          </reporter-output>
        </test-method> <!-- simpleFormTest -->
        <test-method signature="simpleFormTest(java.util.List)[pri:0, instance:activities.Activity11@79079097]" started-at="2026-06-09T11:25:05 IST" name="simpleFormTest" data-provider="EventData" finished-at="2026-06-09T11:25:06 IST" duration-ms="1265" status="PASS">
          <params>
            <param index="0">
              <value>
                <![CDATA[[Avinash Kati, avinashK@example.com, 2025-04-05, Birthday]]]>
              </value>
            </param>
          </params>
          <reporter-output>
          </reporter-output>
        </test-method> <!-- simpleFormTest -->
        <test-method signature="simpleFormTest(java.util.List)[pri:0, instance:activities.Activity11@79079097]" started-at="2026-06-09T11:25:06 IST" name="simpleFormTest" data-provider="EventData" finished-at="2026-06-09T11:25:07 IST" duration-ms="1098" status="PASS">
          <params>
            <param index="0">
              <value>
                <![CDATA[[Lahri Rath, lahri.rath@example.com, 2025-10-15, Holiday]]]>
              </value>
            </param>
          </params>
          <reporter-output>
          </reporter-output>
        </test-method> <!-- simpleFormTest -->
        <test-method is-config="true" signature="tearDown()[pri:0, instance:activities.Activity11@79079097]" started-at="2026-06-09T11:25:07 IST" name="tearDown" finished-at="2026-06-09T11:25:09 IST" duration-ms="1428" status="PASS">
          <reporter-output>
          </reporter-output>
        </test-method> <!-- tearDown -->
      </class> <!-- activities.Activity11 -->
    </test> <!-- Default test -->
  </suite> <!-- Default suite -->
</testng-results>
