<?xml version="1.0" encoding="UTF-8"?>
<testng-results ignored="0" total="1" passed="1" failed="0" skipped="0">
  <reporter-output>
  </reporter-output>
  <suite started-at="2026-06-12T10:24:42 IST" name="Default suite" finished-at="2026-06-12T10:24:56 IST" duration-ms="14749">
    <groups>
    </groups>
    <test started-at="2026-06-12T10:24:42 IST" name="Default test" finished-at="2026-06-12T10:24:56 IST" duration-ms="14749">
      <class name="activities.Activity3">
        <test-method is-config="true" signature="setUp()[pri:0, instance:activities.Activity3@662ac478]" started-at="2026-06-12T10:24:42 IST" name="setUp" finished-at="2026-06-12T10:24:51 IST" duration-ms="9708" status="PASS">
          <reporter-output>
          </reporter-output>
        </test-method> <!-- setUp -->
        <test-method signature="verifyLogin()[pri:0, instance:activities.Activity3@662ac478]" started-at="2026-06-12T10:24:51 IST" name="verifyLogin" finished-at="2026-06-12T10:24:55 IST" duration-ms="3295" status="PASS">
          <reporter-output>
          </reporter-output>
        </test-method> <!-- verifyLogin -->
        <test-method is-config="true" signature="tearDown()[pri:0, instance:activities.Activity3@662ac478]" started-at="2026-06-12T10:24:55 IST" name="tearDown" finished-at="2026-06-12T10:24:56 IST" duration-ms="1645" status="PASS">
          <reporter-output>
          </reporter-output>
        </test-method> <!-- tearDown -->
      </class> <!-- activities.Activity3 -->
    </test> <!-- Default test -->
  </suite> <!-- Default suite -->
</testng-results>
