<?xml version="1.0" encoding="UTF-8"?>
<!-- Generated by org.testng.reporters.JUnitReportReporter -->
<testsuite hostname="IBM-DZLTR24" failures="0" tests="5" name="activities.Activity5" time="0.105" errors="0" timestamp="2026-06-08T16:26:09 IST" skipped="0">
  <testcase classname="activities.Activity5" name="buttonTest2" time="0.016"/>
  <testcase classname="activities.Activity5" name="buttonTest1" time="0.041"/>
  <testcase classname="activities.Activity5" name="headerTest2" time="0.019"/>
  <testcase classname="activities.Activity5" name="pageTitleTest" time="0.013"/>
  <testcase classname="activities.Activity5" name="headerTest1" time="0.016"/>
</testsuite> <!-- activities.Activity5 -->
