<?xml version="1.0" encoding="UTF-8"?>
<!-- Generated by org.testng.reporters.JUnitReportReporter -->
<testsuite hostname="IBM-DZLTR24" failures="0" tests="4" name="activities.Activity10" time="4.850" errors="0" timestamp="2026-06-09T10:29:54 IST" skipped="0">
  <testcase classname="activities.Activity10" name="verifyPageTitle" time="0.044"/>
  <testcase classname="activities.Activity10" name="formTest" time="1.607"/>
  <testcase classname="activities.Activity10" name="formTest" time="1.170"/>
  <testcase classname="activities.Activity10" name="formTest" time="2.029"/>
</testsuite> <!-- activities.Activity10 -->
