<?xml version="1.0" encoding="UTF-8"?>
<!-- Generated by org.testng.reporters.JUnitReportReporter -->
<testsuite hostname="IBM-DZLTR24" failures="0" tests="3" name="activities.Activity11" time="3.750" errors="0" timestamp="2026-06-09T11:25:09 IST" skipped="0">
  <testcase classname="activities.Activity11" name="simpleFormTest" time="1.265"/>
  <testcase classname="activities.Activity11" name="simpleFormTest" time="1.387"/>
  <testcase classname="activities.Activity11" name="simpleFormTest" time="1.098"/>
</testsuite> <!-- activities.Activity11 -->
