<?xml version="1.0" encoding="UTF-8"?>
<!-- Generated by org.testng.reporters.JUnitReportReporter -->
<testsuite hostname="IBM-DZLTR24" failures="0" tests="5" name="activities.Activity7" time="1.108" errors="0" timestamp="2026-06-08T16:39:04 IST" skipped="0">
  <testcase classname="activities.Activity7" name="loginTestCase" time="0.191"/>
  <testcase classname="activities.Activity7" name="loginTestCase" time="0.322"/>
  <testcase classname="activities.Activity7" name="loginTestCase" time="0.213"/>
  <testcase classname="activities.Activity7" name="loginTestCase" time="0.161"/>
  <testcase classname="activities.Activity7" name="loginTestCase" time="0.221"/>
</testsuite> <!-- activities.Activity7 -->
